<?xml version="1.0" encoding="UTF-8"?>
<testng-results skipped="0" failed="0" ignored="0" total="0" passed="0">
  <reporter-output>
  </reporter-output>
  <suite name="PolymerupdateV1" duration-ms="153" started-at="2022-06-03T13:40:57 IST" finished-at="2022-06-03T13:40:57 IST">
    <groups>
    </groups>
    <test name="Polymerupdate Test" duration-ms="153" started-at="2022-06-03T13:40:57 IST" finished-at="2022-06-03T13:40:57 IST">
    </test> <!-- Polymerupdate Test -->
  </suite> <!-- PolymerupdateV1 -->
</testng-results>
